<?xml version="1.0" encoding="UTF-8"?>
<testng-results ignored="0" total="3" passed="3" failed="0" skipped="0">
  <reporter-output>
  </reporter-output>
  <suite started-at="2024-09-12T16:06:47 IST" name="Default suite" finished-at="2024-09-12T16:07:29 IST" duration-ms="42593">
    <groups>
      <group name="cucumber">
        <method signature="AbstractTestNGCucumberTests.runScenario(io.cucumber.testng.PickleWrapper,io.cucumber.testng.FeatureWrapper)[pri:0, instance:com.swaglabs.runner.Runner@185a6e9]" name="runScenario" class="io.cucumber.testng.AbstractTestNGCucumberTests"/>
      </group> <!-- cucumber -->
    </groups>
    <test started-at="2024-09-12T16:06:47 IST" name="Default test" finished-at="2024-09-12T16:07:29 IST" duration-ms="42593">
      <class name="com.swaglabs.runner.Runner">
        <test-method is-config="true" signature="setUpClass(org.testng.ITestContext)[pri:0, instance:com.swaglabs.runner.Runner@185a6e9]" started-at="2024-09-12T16:06:47 IST" name="setUpClass" finished-at="2024-09-12T16:06:48 IST" duration-ms="862" status="PASS">
          <params>
            <param index="0">
              <value>
                <![CDATA[org.testng.TestRunner@ea00de]]>
              </value>
            </param>
          </params>
          <reporter-output>
          </reporter-output>
        </test-method> <!-- setUpClass -->
        <test-method signature="runScenario(io.cucumber.testng.PickleWrapper,io.cucumber.testng.FeatureWrapper)[pri:0, instance:com.swaglabs.runner.Runner@185a6e9]" started-at="2024-09-12T16:06:48 IST" name="runScenario" description="Runs Cucumber Scenarios" data-provider="scenarios" finished-at="2024-09-12T16:07:03 IST" duration-ms="15749" status="PASS">
          <params>
            <param index="0">
              <value>
                <![CDATA["user should not be able to login with invalid creds"]]>
              </value>
            </param>
            <param index="1">
              <value>
                <![CDATA["Login feature"]]>
              </value>
            </param>
          </params>
          <reporter-output>
          </reporter-output>
        </test-method> <!-- runScenario -->
        <test-method signature="runScenario(io.cucumber.testng.PickleWrapper,io.cucumber.testng.FeatureWrapper)[pri:0, instance:com.swaglabs.runner.Runner@185a6e9]" started-at="2024-09-12T16:07:03 IST" name="runScenario" description="Runs Cucumber Scenarios" data-provider="scenarios" finished-at="2024-09-12T16:07:16 IST" duration-ms="13069" status="PASS">
          <params>
            <param index="0">
              <value>
                <![CDATA["user should not be able to login with invalid creds"]]>
              </value>
            </param>
            <param index="1">
              <value>
                <![CDATA["Login feature"]]>
              </value>
            </param>
          </params>
          <reporter-output>
          </reporter-output>
        </test-method> <!-- runScenario -->
        <test-method signature="runScenario(io.cucumber.testng.PickleWrapper,io.cucumber.testng.FeatureWrapper)[pri:0, instance:com.swaglabs.runner.Runner@185a6e9]" started-at="2024-09-12T16:07:16 IST" name="runScenario" description="Runs Cucumber Scenarios" data-provider="scenarios" finished-at="2024-09-12T16:07:29 IST" duration-ms="12778" status="PASS">
          <params>
            <param index="0">
              <value>
                <![CDATA["user should not be able to login with invalid creds"]]>
              </value>
            </param>
            <param index="1">
              <value>
                <![CDATA["Login feature"]]>
              </value>
            </param>
          </params>
          <reporter-output>
          </reporter-output>
        </test-method> <!-- runScenario -->
        <test-method is-config="true" signature="tearDownClass()[pri:0, instance:com.swaglabs.runner.Runner@185a6e9]" started-at="2024-09-12T16:07:29 IST" name="tearDownClass" finished-at="2024-09-12T16:07:29 IST" duration-ms="43" status="PASS">
          <reporter-output>
          </reporter-output>
        </test-method> <!-- tearDownClass -->
      </class> <!-- com.swaglabs.runner.Runner -->
    </test> <!-- Default test -->
  </suite> <!-- Default suite -->
</testng-results>
